{"@timestamp":"2023-09-16T00:05:27.138+08:00","caller":"internal/discovbuilder.go:34","content":"bad resolver state","level":"error"}
{"@timestamp":"2023-09-21T11:22:53.957+08:00","caller":"clientinterceptors/durationinterceptor.go:35","content":"fail - etcd:/localhost:2379/user.rpc/user.userService/register - email:\"123123@qq.com\"  password:\"123123\" - rpc error: code = Canceled desc = 邮箱已注册","duration":"20.1ms","level":"error","span":"26bdb444d219d2c6","trace":"056d58d338be89a51e9a47fc10c07d40"}
{"@timestamp":"2023-09-21T11:24:15.399+08:00","caller":"clientinterceptors/durationinterceptor.go:35","content":"fail - etcd:/localhost:2379/user.rpc/user.userService/register - email:\"123123@qq.com\"  password:\"123123\" - rpc error: code = Canceled desc = 邮箱已注册","duration":"8.5ms","level":"error","span":"e4a282ef40a4593f","trace":"19e2e3fa123cb05dd70db07692ca858e"}
{"@timestamp":"2023-09-21T11:33:29.799+08:00","caller":"clientinterceptors/durationinterceptor.go:35","content":"fail - etcd:/localhost:2379/user.rpc/user.userService/register - email:\"123123@qq.com\"  password:\"123123\" - rpc error: code = Canceled desc = 邮箱已注册","duration":"13.6ms","level":"error","span":"a33335b7ee3e1a21","trace":"eb9ede8dc946b0a28d97371fe47c35b3"}
{"@timestamp":"2023-09-21T11:33:54.124+08:00","caller":"clientinterceptors/durationinterceptor.go:35","content":"fail - etcd:/localhost:2379/user.rpc/user.userService/register - email:\"123123@qq.com\"  password:\"123123\" - rpc error: code = Canceled desc = 邮箱已注册","duration":"2.6ms","level":"error","span":"976560a2949b689a","trace":"5a588fa58789b4d904cee1f980aeb85c"}
{"@timestamp":"2023-09-21T11:33:57.765+08:00","caller":"clientinterceptors/durationinterceptor.go:35","content":"fail - etcd:/localhost:2379/user.rpc/user.userService/register - email:\"123123@qq.com\"  password:\"123123\" - rpc error: code = Canceled desc = 邮箱已注册","duration":"4.8ms","level":"error","span":"eb0a3083d01e5a21","trace":"aa70906eba9ad24b613d1e293f7d51e9"}
{"@timestamp":"2023-09-21T11:34:01.742+08:00","caller":"clientinterceptors/durationinterceptor.go:35","content":"fail - etcd:/localhost:2379/user.rpc/user.userService/register - email:\"123123@qq.com\"  password:\"123123\" - rpc error: code = Canceled desc = 邮箱已注册","duration":"2.9ms","level":"error","span":"4b27aaccb8bb9cd9","trace":"d2db0671ba727840b9c6a4343212140f"}
{"@timestamp":"2023-09-21T11:34:02.985+08:00","caller":"clientinterceptors/durationinterceptor.go:35","content":"fail - etcd:/localhost:2379/user.rpc/user.userService/register - email:\"123123@qq.com\"  password:\"123123\" - rpc error: code = Canceled desc = 邮箱已注册","duration":"2.5ms","level":"error","span":"4cca132b1abefa70","trace":"46001226ba87710da2bfc4d967b64e41"}
{"@timestamp":"2023-09-21T11:34:10.847+08:00","caller":"clientinterceptors/durationinterceptor.go:35","content":"fail - etcd:/localhost:2379/user.rpc/user.userService/register - email:\"123123@qq.com\"  password:\"123123\" - rpc error: code = Canceled desc = 邮箱已注册","duration":"3.1ms","level":"error","span":"e08121cbb7de071c","trace":"38a2c5ec3578b0a98a609a5b8b9955b9"}
{"@timestamp":"2023-09-21T11:46:02.186+08:00","caller":"internal/discovbuilder.go:34","content":"bad resolver state","level":"error"}
{"@timestamp":"2023-09-21T11:48:03.165+08:00","caller":"internal/discovbuilder.go:34","content":"bad resolver state","level":"error"}
{"@timestamp":"2023-09-21T14:38:19.654+08:00","caller":"clientinterceptors/durationinterceptor.go:35","content":"fail - etcd:/localhost:2379/user.rpc/user.userService/register - email:\"123123@qq.com\"  password:\"123123\" - rpc error: code = Canceled desc = 邮箱已注册","duration":"20.9ms","level":"error","span":"b92c7e8bd978f497","trace":"881f5b6a310dfaeccfdfa89e650a20a5"}
{"@timestamp":"2023-09-21T14:38:31.690+08:00","caller":"clientinterceptors/durationinterceptor.go:35","content":"fail - etcd:/localhost:2379/user.rpc/user.userService/register - email:\"123123@qq.com\"  password:\"123123\" - rpc error: code = Canceled desc = 邮箱已注册","duration":"2.4ms","level":"error","span":"a886a286c88901f2","trace":"590b9f5930d91abbed0b398ee8b08677"}
{"@timestamp":"2023-09-27T10:44:00.967+08:00","caller":"internal/discovbuilder.go:34","content":"bad resolver state","level":"error"}
{"@timestamp":"2023-09-27T11:06:29.381+08:00","caller":"clientinterceptors/durationinterceptor.go:35","content":"fail - etcd:/localhost:2379/user.rpc/user.userService/login - email:\"test@qq.com\"  password:\"123123\" - rpc error: code = Canceled desc = 用户不存在","duration":"58.3ms","level":"error","span":"b24e026c727e6405","trace":"2a9922f886a5b3d82bd12f13c4884465"}
{"@timestamp":"2023-09-27T11:06:31.831+08:00","caller":"clientinterceptors/durationinterceptor.go:35","content":"fail - etcd:/localhost:2379/user.rpc/user.userService/login - email:\"test@qq.com\"  password:\"123123\" - rpc error: code = Canceled desc = 用户不存在","duration":"2.4ms","level":"error","span":"daeb68a092abc602","trace":"f8012a61033c5aadba49eab00b8563ca"}
{"@timestamp":"2023-09-27T11:06:34.852+08:00","caller":"clientinterceptors/durationinterceptor.go:35","content":"fail - etcd:/localhost:2379/user.rpc/user.userService/login - email:\"test@qq.com\"  password:\"123123\" - rpc error: code = Canceled desc = 用户不存在","duration":"1.8ms","level":"error","span":"d6561df5e308db17","trace":"fa9f63bf8bf024ea3d1f78cb514ff510"}
{"@timestamp":"2023-09-27T11:06:40.914+08:00","caller":"clientinterceptors/durationinterceptor.go:35","content":"fail - etcd:/localhost:2379/user.rpc/user.userService/login - email:\"test@qq.com\"  password:\"123123\" - rpc error: code = Canceled desc = 用户不存在","duration":"1.7ms","level":"error","span":"61d1d23d2b51d8d5","trace":"a93c3fe66e3fe3dbc3310a1f87564722"}
{"@timestamp":"2023-09-27T11:06:48.425+08:00","caller":"clientinterceptors/durationinterceptor.go:35","content":"fail - etcd:/localhost:2379/user.rpc/user.userService/login - email:\"test@qq.com\"  password:\"123123\" - rpc error: code = Canceled desc = 用户不存在","duration":"1.7ms","level":"error","span":"5f7bbe4ea1e77e47","trace":"742c0d74740db7ec9ea114bd608e0234"}
{"@timestamp":"2023-09-27T11:08:12.115+08:00","caller":"clientinterceptors/durationinterceptor.go:35","content":"fail - etcd:/localhost:2379/user.rpc/user.userService/login - email:\"test@qq.com\"  password:\"123123\" - rpc error: code = Canceled desc = 用户不存在","duration":"4.5ms","level":"error","span":"976355769d7dd7a2","trace":"459de74516d90afb3396f02b65fb37c0"}
{"@timestamp":"2023-09-27T11:10:06.699+08:00","caller":"clientinterceptors/durationinterceptor.go:35","content":"fail - etcd:/localhost:2379/user.rpc/user.userService/login - email:\"2506152074@qq.com\"  password:\"123123\" - rpc error: code = Canceled desc = 密码错误","duration":"6.1ms","level":"error","span":"15431827b46a2d8d","trace":"36877801fd2e602ac07b8948107d159b"}
{"@timestamp":"2023-09-27T11:10:09.822+08:00","caller":"clientinterceptors/durationinterceptor.go:35","content":"fail - etcd:/localhost:2379/user.rpc/user.userService/login - email:\"2506152074@qq.com\"  password:\"123456\" - rpc error: code = Canceled desc = 密码错误","duration":"2.6ms","level":"error","span":"5368a1a355523346","trace":"373f7b90ba2df5818b105d6139168753"}
{"@timestamp":"2023-09-27T11:10:30.007+08:00","caller":"clientinterceptors/durationinterceptor.go:35","content":"fail - etcd:/localhost:2379/user.rpc/user.userService/login - email:\"test@qq.com\"  password:\"123123123\" - rpc error: code = Canceled desc = 密码错误","duration":"3.3ms","level":"error","span":"762282a4370496aa","trace":"1f1e6d51559c0c443dfa2eddc59dff57"}
{"@timestamp":"2023-09-27T11:10:32.990+08:00","caller":"clientinterceptors/durationinterceptor.go:35","content":"fail - etcd:/localhost:2379/user.rpc/user.userService/login - email:\"test@qq.com\"  password:\"123123123\" - rpc error: code = Canceled desc = 密码错误","duration":"2.8ms","level":"error","span":"0a104cbbf4489c74","trace":"3b1fb2bb1c138aef5c2c9d13ea03a2a7"}
{"@timestamp":"2023-09-27T11:10:35.861+08:00","caller":"clientinterceptors/durationinterceptor.go:35","content":"fail - etcd:/localhost:2379/user.rpc/user.userService/login - email:\"test@qq.com\"  password:\"123123\" - rpc error: code = Canceled desc = 密码错误","duration":"2.7ms","level":"error","span":"8420b8656a4566a5","trace":"f04136bbcee948fc9163ab81657d7ee0"}
{"@timestamp":"2023-09-27T11:16:52.155+08:00","caller":"clientinterceptors/durationinterceptor.go:35","content":"fail - etcd:/localhost:2379/user.rpc/user.userService/login - email:\"test@qq.com\"  password:\"123123\" - rpc error: code = Canceled desc = 密码错误","duration":"4.5ms","level":"error","span":"a1b44f984c5c8daa","trace":"3a5a7077afeaff12c431ac366b9995e6"}
{"@timestamp":"2023-09-27T11:16:53.863+08:00","caller":"clientinterceptors/durationinterceptor.go:35","content":"fail - etcd:/localhost:2379/user.rpc/user.userService/login - email:\"test@qq.com\"  password:\"123123\" - rpc error: code = Canceled desc = 密码错误","duration":"1.9ms","level":"error","span":"01fd2555d8050517","trace":"5aabb48fe1917c1e4fac0ba7b9afd13e"}
{"@timestamp":"2023-09-27T11:17:05.842+08:00","caller":"clientinterceptors/durationinterceptor.go:35","content":"fail - etcd:/localhost:2379/user.rpc/user.userService/register - email:\"123123@qq.com\"  password:\"123123\" - rpc error: code = Canceled desc = 邮箱已注册","duration":"2.4ms","level":"error","span":"8ec586eccf8fad94","trace":"d2d565dd7da731c5953e90681ee98232"}
{"@timestamp":"2023-09-27T11:17:14.838+08:00","caller":"clientinterceptors/durationinterceptor.go:35","content":"fail - etcd:/localhost:2379/user.rpc/user.userService/login - email:\"123123@qq.com\"  password:\"123123\" - rpc error: code = Canceled desc = 密码错误","duration":"3.3ms","level":"error","span":"6ef9854bde8fa391","trace":"d0f6d6f21c524702ef6cdff54c1ba78a"}
{"@timestamp":"2023-09-27T11:18:25.014+08:00","caller":"clientinterceptors/durationinterceptor.go:35","content":"fail - etcd:/localhost:2379/user.rpc/user.userService/login - email:\"123123@qq.com\"  password:\"123123\" - rpc error: code = Canceled desc = 密码错误","duration":"9.6ms","level":"error","span":"e9d9e97240258541","trace":"953aa20075cfb6104e9a7ce06568bdf8"}
{"@timestamp":"2023-09-27T11:22:41.969+08:00","caller":"clientinterceptors/durationinterceptor.go:35","content":"fail - etcd:/localhost:2379/user.rpc/user.userService/login - email:\"123123@qq.com\"  password:\"1231231\" - rpc error: code = Canceled desc = 密码错误","duration":"7.9ms","level":"error","span":"0b5c8ff5a1fd466d","trace":"2df8322e502dd966129df2875554b162"}
{"@timestamp":"2023-09-27T14:15:27.259+08:00","caller":"internal/discovbuilder.go:34","content":"bad resolver state","level":"error"}
{"@timestamp":"2023-09-28T10:17:56.145+08:00","caller":"internal/discovbuilder.go:34","content":"bad resolver state","level":"error"}
{"@timestamp":"2023-09-28T11:45:22.547+08:00","caller":"internal/discovbuilder.go:34","content":"bad resolver state","level":"error"}
{"@timestamp":"2023-09-28T17:03:26.286+08:00","caller":"internal/discovbuilder.go:34","content":"bad resolver state","level":"error"}
{"@timestamp":"2023-10-07T08:39:59.951+08:00","caller":"internal/discovbuilder.go:34","content":"bad resolver state","level":"error"}
{"@timestamp":"2023-10-07T11:50:22.150+08:00","caller":"internal/discovbuilder.go:34","content":"bad resolver state","level":"error"}
{"@timestamp":"2023-10-07T15:27:37.148+08:00","caller":"internal/discovbuilder.go:34","content":"bad resolver state","level":"error"}
{"@timestamp":"2023-10-07T19:03:19.152+08:00","caller":"internal/discovbuilder.go:34","content":"bad resolver state","level":"error"}
